2018-01-08 17:31:56,227 INFO o.a.j.u.JMeterUtils: Setting Locale to en_US
2018-01-08 17:31:56,251 INFO o.a.j.JMeter: Loading user properties from: user.properties
2018-01-08 17:31:56,252 INFO o.a.j.JMeter: Loading system properties from: system.properties
2018-01-08 17:31:56,260 INFO o.a.j.JMeter: Copyright (c) 1998-2017 The Apache Software Foundation
2018-01-08 17:31:56,261 INFO o.a.j.JMeter: Version 3.3 r1808647
2018-01-08 17:31:56,261 INFO o.a.j.JMeter: java.version=9.0.1
2018-01-08 17:31:56,261 INFO o.a.j.JMeter: java.vm.name=Java HotSpot(TM) 64-Bit Server VM
2018-01-08 17:31:56,261 INFO o.a.j.JMeter: os.name=Windows 7
2018-01-08 17:31:56,261 INFO o.a.j.JMeter: os.arch=amd64
2018-01-08 17:31:56,261 INFO o.a.j.JMeter: os.version=6.1
2018-01-08 17:31:56,261 INFO o.a.j.JMeter: file.encoding=Cp1252
2018-01-08 17:31:56,261 INFO o.a.j.JMeter: Max memory     =2061500416
2018-01-08 17:31:56,262 INFO o.a.j.JMeter: Available Processors =4
2018-01-08 17:31:56,272 INFO o.a.j.JMeter: Default Locale=English (United States)
2018-01-08 17:31:56,273 INFO o.a.j.JMeter: JMeter  Locale=English (United States)
2018-01-08 17:31:56,273 INFO o.a.j.JMeter: JMeterHome=C:\Users\E760519\Music\New JmeterCICD\apache-jmeter-3.3
2018-01-08 17:31:56,273 INFO o.a.j.JMeter: user.dir  =C:\Users\E760519\Music\New JmeterCICD\apache-jmeter-3.3\bin
2018-01-08 17:31:56,274 INFO o.a.j.JMeter: PWD       =C:\Users\E760519\Music\New JmeterCICD\apache-jmeter-3.3\bin
2018-01-08 17:31:56,276 INFO o.a.j.JMeter: IP: 10.244.18.208 Name: NAV-00800 FullName: NAV-00800.corp.twcable.com
2018-01-08 17:31:56,639 INFO o.a.j.g.a.LookAndFeelCommand: Using look and feel: javax.swing.plaf.metal.MetalLookAndFeel [Metal, CrossPlatform]
2018-01-08 17:31:56,644 INFO o.a.j.JMeter: Loaded icon properties from org/apache/jmeter/images/icon.properties
2018-01-08 17:31:57,114 INFO o.a.j.e.u.CompoundVariable: Note: Function class names must contain the string: '.functions.'
2018-01-08 17:31:57,114 INFO o.a.j.e.u.CompoundVariable: Note: Function class names must not contain the string: '.gui.'
2018-01-08 17:31:58,001 INFO o.a.j.g.u.MenuFactory: Skipping org.apache.jmeter.assertions.BSFAssertion
2018-01-08 17:31:58,427 INFO o.a.j.g.u.MenuFactory: Skipping org.apache.jmeter.extractor.BSFPostProcessor
2018-01-08 17:31:58,468 INFO o.a.j.g.u.MenuFactory: Skipping org.apache.jmeter.modifiers.BSFPreProcessor
2018-01-08 17:31:58,507 INFO o.a.j.p.h.s.HTTPSamplerBase: Parser for text/html is org.apache.jmeter.protocol.http.parser.LagartoBasedHtmlParser
2018-01-08 17:31:58,507 INFO o.a.j.p.h.s.HTTPSamplerBase: Parser for application/xhtml+xml is org.apache.jmeter.protocol.http.parser.LagartoBasedHtmlParser
2018-01-08 17:31:58,507 INFO o.a.j.p.h.s.HTTPSamplerBase: Parser for application/xml is org.apache.jmeter.protocol.http.parser.LagartoBasedHtmlParser
2018-01-08 17:31:58,507 INFO o.a.j.p.h.s.HTTPSamplerBase: Parser for text/xml is org.apache.jmeter.protocol.http.parser.LagartoBasedHtmlParser
2018-01-08 17:31:58,507 INFO o.a.j.p.h.s.HTTPSamplerBase: Parser for text/vnd.wap.wml is org.apache.jmeter.protocol.http.parser.RegexpHTMLParser
2018-01-08 17:31:58,508 INFO o.a.j.p.h.s.HTTPSamplerBase: Parser for text/css is org.apache.jmeter.protocol.http.parser.CssParser
2018-01-08 17:31:58,959 INFO o.a.j.e.KeyToolUtils: keytool found at 'keytool'
2018-01-08 17:31:58,959 INFO o.a.j.p.h.p.ProxyControl: HTTP(S) Test Script Recorder SSL Proxy will use keys that support embedded 3rd party resources in file C:\Users\E760519\Music\New JmeterCICD\apache-jmeter-3.3\bin\proxyserver.jks
2018-01-08 17:31:59,163 INFO o.a.j.g.u.MenuFactory: Skipping org.apache.jmeter.protocol.java.sampler.BSFSampler
2018-01-08 17:31:59,212 INFO o.a.j.s.FileServer: Default base='C:\Users\E760519\Music\New JmeterCICD\apache-jmeter-3.3\bin'
2018-01-08 17:31:59,311 INFO o.a.j.g.u.MenuFactory: Skipping org.apache.jmeter.protocol.mongodb.config.MongoSourceElement
2018-01-08 17:31:59,311 INFO o.a.j.g.u.MenuFactory: Skipping org.apache.jmeter.protocol.mongodb.sampler.MongoScriptSampler
2018-01-08 17:31:59,597 INFO o.a.j.g.u.MenuFactory: Skipping org.apache.jmeter.timers.BSFTimer
2018-01-08 17:31:59,637 INFO o.a.j.g.u.MenuFactory: Skipping org.apache.jmeter.visualizers.BSFListener
2018-01-08 17:31:59,852 INFO o.a.j.s.SampleResult: Note: Sample TimeStamps are START times
2018-01-08 17:31:59,853 INFO o.a.j.s.SampleResult: sampleresult.default.encoding is set to ISO-8859-1
2018-01-08 17:31:59,853 INFO o.a.j.s.SampleResult: sampleresult.useNanoTime=true
2018-01-08 17:31:59,853 INFO o.a.j.s.SampleResult: sampleresult.nanoThreadSleep=5000
2018-01-08 17:32:03,675 INFO o.a.j.g.a.Load: Loading file: C:\Users\E760519\Downloads\apache-jmeter-3.3\apache-jmeter-3.3\bin\uhiTest.jmx
2018-01-08 17:32:03,675 INFO o.a.j.s.FileServer: Set new base='C:\Users\E760519\Downloads\apache-jmeter-3.3\apache-jmeter-3.3\bin'
2018-01-08 17:32:03,815 INFO o.a.j.s.SaveService: Testplan (JMX) version: 2.2. Testlog (JTL) version: 2.2
2018-01-08 17:32:03,935 INFO o.a.j.s.SaveService: Using SaveService properties version 3.2
2018-01-08 17:32:03,941 INFO o.a.j.s.SaveService: Using SaveService properties file encoding UTF-8
2018-01-08 17:32:03,947 INFO o.a.j.s.SaveService: Loading file: C:\Users\E760519\Downloads\apache-jmeter-3.3\apache-jmeter-3.3\bin\uhiTest.jmx
2018-01-08 17:32:04,144 INFO o.a.j.s.FileServer: Set new base='C:\Users\E760519\Downloads\apache-jmeter-3.3\apache-jmeter-3.3\bin'
2018-01-08 17:32:56,329 INFO o.a.j.s.FileServer: Set new base='C:\Users\E760519\Music\New JmeterCICD\apache-jmeter-3.3\bin'
